<?xml version="1.0" encoding="UTF-8"?>
<testng-results skipped="0" failed="0" ignored="0" total="1" passed="1">
  <reporter-output>
  </reporter-output>
  <suite name="Default suite" duration-ms="19230" started-at="2019-06-06T18:50:30Z" finished-at="2019-06-06T18:50:49Z">
    <groups>
    </groups>
    <test name="Default test" duration-ms="19230" started-at="2019-06-06T18:50:30Z" finished-at="2019-06-06T18:50:49Z">
      <class name="HRMConstants.AdminPOMClass">
        <test-method status="PASS" signature="launchApp()[pri:0, instance:HRMConstants.AdminPOMClass@7f9a81e8]" name="launchApp" is-config="true" duration-ms="36874" started-at="2019-06-06T18:49:53Z" finished-at="2019-06-06T18:50:30Z">
          <reporter-output>
          </reporter-output>
        </test-method> <!-- launchApp -->
        <test-method status="PASS" signature="adminLoginCheck()[pri:0, instance:HRMConstants.AdminPOMClass@7f9a81e8]" name="adminLoginCheck" duration-ms="19146" started-at="2019-06-06T18:50:30Z" finished-at="2019-06-06T18:50:49Z">
          <reporter-output>
          </reporter-output>
        </test-method> <!-- adminLoginCheck -->
        <test-method status="PASS" signature="closeApp()[pri:0, instance:HRMConstants.AdminPOMClass@7f9a81e8]" name="closeApp" is-config="true" duration-ms="3334" started-at="2019-06-06T18:50:52Z" finished-at="2019-06-06T18:50:56Z">
          <reporter-output>
          </reporter-output>
        </test-method> <!-- closeApp -->
      </class> <!-- HRMConstants.AdminPOMClass -->
    </test> <!-- Default test -->
  </suite> <!-- Default suite -->
</testng-results>
